c:\users\student\downloads\c++\11_小室大夢\shotingaction\debug\vc140.pdb
c:\users\student\downloads\c++\11_小室大夢\shotingaction\debug\vc140.idb
c:\users\student\downloads\c++\11_小室大夢\shotingaction\debug\motion.nativecodeanalysis.xml
c:\users\student\downloads\c++\11_小室大夢\shotingaction\debug\number.nativecodeanalysis.xml
c:\users\student\downloads\c++\11_小室大夢\shotingaction\debug\object.nativecodeanalysis.xml
c:\users\student\downloads\c++\11_小室大夢\shotingaction\debug\object2d.nativecodeanalysis.xml
c:\users\student\downloads\c++\11_小室大夢\shotingaction\debug\object3d.nativecodeanalysis.xml
c:\users\student\downloads\c++\11_小室大夢\shotingaction\debug\objectmodel.nativecodeanalysis.xml
c:\users\student\downloads\c++\11_小室大夢\shotingaction\debug\particle.nativecodeanalysis.xml
c:\users\student\downloads\c++\11_小室大夢\shotingaction\debug\player.nativecodeanalysis.xml
c:\users\student\downloads\c++\11_小室大夢\shotingaction\debug\player3d.nativecodeanalysis.xml
c:\users\student\downloads\c++\11_小室大夢\shotingaction\debug\renderer.nativecodeanalysis.xml
c:\users\student\downloads\c++\11_小室大夢\shotingaction\debug\rezult.nativecodeanalysis.xml
c:\users\student\downloads\c++\11_小室大夢\shotingaction\debug\score.nativecodeanalysis.xml
c:\users\student\downloads\c++\11_小室大夢\shotingaction\debug\sound.nativecodeanalysis.xml
c:\users\student\downloads\c++\11_小室大夢\shotingaction\debug\texture.nativecodeanalysis.xml
c:\users\student\downloads\c++\11_小室大夢\shotingaction\debug\throughwall.nativecodeanalysis.xml
c:\users\student\downloads\c++\11_小室大夢\shotingaction\debug\time.nativecodeanalysis.xml
c:\users\student\downloads\c++\11_小室大夢\shotingaction\debug\title.nativecodeanalysis.xml
c:\users\student\downloads\c++\11_小室大夢\shotingaction\debug\titlebg.nativecodeanalysis.xml
c:\users\student\downloads\c++\11_小室大夢\shotingaction\debug\wall.nativecodeanalysis.xml
c:\users\student\downloads\c++\11_小室大夢\shotingaction\debug\wallx.nativecodeanalysis.xml
c:\users\student\downloads\c++\11_小室大夢\shotingaction\debug\wallx.obj
c:\users\student\downloads\c++\11_小室大夢\shotingaction\debug\wall.obj
c:\users\student\downloads\c++\11_小室大夢\shotingaction\debug\titlebg.obj
c:\users\student\downloads\c++\11_小室大夢\shotingaction\debug\title.obj
c:\users\student\downloads\c++\11_小室大夢\shotingaction\debug\time.obj
c:\users\student\downloads\c++\11_小室大夢\shotingaction\debug\throughwall.obj
c:\users\student\downloads\c++\11_小室大夢\shotingaction\debug\texture.obj
c:\users\student\downloads\c++\11_小室大夢\shotingaction\debug\sound.obj
c:\users\student\downloads\c++\11_小室大夢\shotingaction\debug\score.obj
c:\users\student\downloads\c++\11_小室大夢\shotingaction\debug\rezult.obj
c:\users\student\downloads\c++\11_小室大夢\shotingaction\debug\renderer.obj
c:\users\student\downloads\c++\11_小室大夢\shotingaction\debug\player3d.obj
c:\users\student\downloads\c++\11_小室大夢\shotingaction\debug\player.obj
c:\users\student\downloads\c++\11_小室大夢\shotingaction\debug\particle.obj
c:\users\student\downloads\c++\11_小室大夢\shotingaction\debug\objectmodel.obj
c:\users\student\downloads\c++\11_小室大夢\shotingaction\debug\object3d.obj
c:\users\student\downloads\c++\11_小室大夢\shotingaction\debug\object2d.obj
c:\users\student\downloads\c++\11_小室大夢\shotingaction\debug\object.obj
c:\users\student\downloads\c++\11_小室大夢\shotingaction\debug\number.obj
c:\users\student\downloads\c++\11_小室大夢\shotingaction\debug\motion.obj
c:\users\student\downloads\c++\11_小室大夢\shotingaction\debug\blockx.nativecodeanalysis.xml
c:\users\student\downloads\c++\11_小室大夢\shotingaction\debug\blockxbase.nativecodeanalysis.xml
c:\users\student\downloads\c++\11_小室大夢\shotingaction\debug\bullet.nativecodeanalysis.xml
c:\users\student\downloads\c++\11_小室大夢\shotingaction\debug\camera.nativecodeanalysis.xml
c:\users\student\downloads\c++\11_小室大夢\shotingaction\debug\collisionline.nativecodeanalysis.xml
c:\users\student\downloads\c++\11_小室大夢\shotingaction\debug\effect.nativecodeanalysis.xml
c:\users\student\downloads\c++\11_小室大夢\shotingaction\debug\enemy.nativecodeanalysis.xml
c:\users\student\downloads\c++\11_小室大夢\shotingaction\debug\enemy3d.nativecodeanalysis.xml
c:\users\student\downloads\c++\11_小室大夢\shotingaction\debug\explosion.nativecodeanalysis.xml
c:\users\student\downloads\c++\11_小室大夢\shotingaction\debug\fade.nativecodeanalysis.xml
c:\users\student\downloads\c++\11_小室大夢\shotingaction\debug\file.nativecodeanalysis.xml
c:\users\student\downloads\c++\11_小室大夢\shotingaction\debug\filed.nativecodeanalysis.xml
c:\users\student\downloads\c++\11_小室大夢\shotingaction\debug\game.nativecodeanalysis.xml
c:\users\student\downloads\c++\11_小室大夢\shotingaction\debug\input.nativecodeanalysis.xml
c:\users\student\downloads\c++\11_小室大夢\shotingaction\debug\item.nativecodeanalysis.xml
c:\users\student\downloads\c++\11_小室大夢\shotingaction\debug\light.nativecodeanalysis.xml
c:\users\student\downloads\c++\11_小室大夢\shotingaction\debug\main.nativecodeanalysis.xml
c:\users\student\downloads\c++\11_小室大夢\shotingaction\debug\manager.nativecodeanalysis.xml
c:\users\student\downloads\c++\11_小室大夢\shotingaction\debug\meshcylinder.nativecodeanalysis.xml
c:\users\student\downloads\c++\11_小室大夢\shotingaction\debug\model.nativecodeanalysis.xml
c:\users\student\downloads\c++\11_小室大夢\shotingaction\debug\model.obj
c:\users\student\downloads\c++\11_小室大夢\shotingaction\debug\meshcylinder.obj
c:\users\student\downloads\c++\11_小室大夢\shotingaction\debug\manager.obj
c:\users\student\downloads\c++\11_小室大夢\shotingaction\debug\main.obj
c:\users\student\downloads\c++\11_小室大夢\shotingaction\debug\light.obj
c:\users\student\downloads\c++\11_小室大夢\shotingaction\debug\item.obj
c:\users\student\downloads\c++\11_小室大夢\shotingaction\debug\input.obj
c:\users\student\downloads\c++\11_小室大夢\shotingaction\debug\game.obj
c:\users\student\downloads\c++\11_小室大夢\shotingaction\debug\filed.obj
c:\users\student\downloads\c++\11_小室大夢\shotingaction\debug\file.obj
c:\users\student\downloads\c++\11_小室大夢\shotingaction\debug\fade.obj
c:\users\student\downloads\c++\11_小室大夢\shotingaction\debug\explosion.obj
c:\users\student\downloads\c++\11_小室大夢\shotingaction\debug\enemy3d.obj
c:\users\student\downloads\c++\11_小室大夢\shotingaction\debug\enemy.obj
c:\users\student\downloads\c++\11_小室大夢\shotingaction\debug\effect.obj
c:\users\student\downloads\c++\11_小室大夢\shotingaction\debug\collisionline.obj
c:\users\student\downloads\c++\11_小室大夢\shotingaction\debug\camera.obj
c:\users\student\downloads\c++\11_小室大夢\shotingaction\debug\bullet.obj
c:\users\student\downloads\c++\11_小室大夢\shotingaction\debug\blockxbase.obj
c:\users\student\downloads\c++\11_小室大夢\shotingaction\debug\blockx.obj
c:\users\student\downloads\c++\11_小室大夢\shotingaction\debug\bg.nativecodeanalysis.xml
c:\users\student\downloads\c++\11_小室大夢\shotingaction\debug\billboard.nativecodeanalysis.xml
c:\users\student\downloads\c++\11_小室大夢\shotingaction\debug\block.nativecodeanalysis.xml
c:\users\student\downloads\c++\11_小室大夢\shotingaction\debug\blockmanager.nativecodeanalysis.xml
c:\users\student\downloads\c++\11_小室大夢\shotingaction\debug\blockmanager.obj
c:\users\student\downloads\c++\11_小室大夢\shotingaction\debug\block.obj
c:\users\student\downloads\c++\11_小室大夢\shotingaction\debug\billboard.obj
c:\users\student\downloads\c++\11_小室大夢\shotingaction\debug\bg.obj
c:\users\student\downloads\c++\11_小室大夢\shotingaction\debug\directxproject001.ilk
c:\users\student\downloads\c++\11_小室大夢\shotingaction\debug\directxproject001.exe
c:\users\student\downloads\c++\11_小室大夢\shotingaction\debug\directxproject001.pdb
c:\users\student\downloads\c++\11_小室大夢\shotingaction\debug\nativecodeanalysis.read.1.tlog
c:\users\student\downloads\c++\11_小室大夢\shotingaction\debug\vc.nativecodeanalysis.all.xml
c:\users\student\downloads\c++\11_小室大夢\shotingaction\debug\directxproject001.exe.lastcodeanalysissucceeded
c:\users\student\downloads\c++\11_小室大夢\shotingaction\debug\directxp.25e9bc28.tlog\cl.command.1.tlog
c:\users\student\downloads\c++\11_小室大夢\shotingaction\debug\directxp.25e9bc28.tlog\cl.read.1.tlog
c:\users\student\downloads\c++\11_小室大夢\shotingaction\debug\directxp.25e9bc28.tlog\cl.write.1.tlog
c:\users\student\downloads\c++\11_小室大夢\shotingaction\debug\directxp.25e9bc28.tlog\link.command.1.tlog
c:\users\student\downloads\c++\11_小室大夢\shotingaction\debug\directxp.25e9bc28.tlog\link.read.1.tlog
c:\users\student\downloads\c++\11_小室大夢\shotingaction\debug\directxp.25e9bc28.tlog\link.write.1.tlog
